<?xml version="1.0" encoding="UTF-8"?>
<!-- Generated by org.testng.reporters.JUnitXMLReporter -->
<testsuite hostname="DESKTOP-M9HHM5I" ignored="8" name="Test" tests="12" failures="1" timestamp="2022-04-08T18:38:39 CDT" time="19.564" errors="0">
  <testcase name="verifyUserCreated" time="3.539" classname="testCases.TC_SuccessResponseforEachCall"/>
  <testcase name="verifyResponseGetUserList" time="1.482" classname="testCases.TC_SuccessResponseforEachCall"/>
  <testcase name="verifyResponseGetUserById" time="1.441" classname="testCases.TC_SuccessResponseforEachCall"/>
  <testcase name="verifyUserUpdated" time="1.415" classname="testCases.TC_SuccessResponseforEachCall"/>
  <testcase name="verifyUserDeleted" time="1.418" classname="testCases.TC_SuccessResponseforEachCall"/>
  <testcase name="verifyResponseGetUserById" time="1.362" classname="testCases.TC_Response_Code_422"/>
  <testcase name="repeatSameAction" time="1.414" classname="testCases.TC_Response_Code_422"/>
  <testcase name="verifyUserCreated" time="1.422" classname="testCases.TC_Response_Code_404"/>
  <testcase name="verifyUserDeleted" time="1.457" classname="testCases.TC_Response_Code_404"/>
  <testcase name="verifyUserUpdated" time="1.405" classname="testCases.TC_Response_Code_404"/>
  <testcase name="unAuthorizedResponse" time="1.365" classname="testCases.TC_Response_Code_401"/>
  <testcase name="verifyUserCreatedWithWrongMethod" time="1.353" classname="testCases.TC_Response_Code_405">
    <failure type="java.lang.AssertionError" message=" We are getting 404 instead of 405 expected [405] but found [404]">
      <![CDATA[java.lang.AssertionError:  We are getting 404 instead of 405 expected [405] but found [404]
at testCases.TC_Response_Code_405.verifyUserCreatedWithWrongMethod(TC_Response_Code_405.java:39)
at java.util.ArrayList.forEach(Unknown Source)
... Removed 32 stack frames]]>
    </failure>
  </testcase> <!-- verifyUserCreatedWithWrongMethod -->
  <testcase name="@AfterSuite tearDown" time="0.0" classname="baseRequest.BaseTest">
    <ignored/>
  </testcase> <!-- @AfterSuite tearDown -->
  <testcase name="@AfterSuite tearDown" time="0.0" classname="baseRequest.BaseTest">
    <ignored/>
  </testcase> <!-- @AfterSuite tearDown -->
  <testcase name="@AfterSuite tearDown" time="0.0" classname="baseRequest.BaseTest">
    <ignored/>
  </testcase> <!-- @AfterSuite tearDown -->
  <testcase name="@AfterSuite tearDown" time="0.0" classname="baseRequest.BaseTest">
    <ignored/>
  </testcase> <!-- @AfterSuite tearDown -->
  <testcase name="@BeforeSuite setupReport" time="0.0" classname="baseRequest.BaseTest">
    <ignored/>
  </testcase> <!-- @BeforeSuite setupReport -->
  <testcase name="@BeforeSuite setupReport" time="0.0" classname="baseRequest.BaseTest">
    <ignored/>
  </testcase> <!-- @BeforeSuite setupReport -->
  <testcase name="@BeforeSuite setupReport" time="0.0" classname="baseRequest.BaseTest">
    <ignored/>
  </testcase> <!-- @BeforeSuite setupReport -->
  <testcase name="@BeforeSuite setupReport" time="0.0" classname="baseRequest.BaseTest">
    <ignored/>
  </testcase> <!-- @BeforeSuite setupReport -->
</testsuite> <!-- Test -->
